Arguments: 
  /usr/local/Cellar/node/15.5.0/bin/node /usr/local/Cellar/yarn/1.22.10/libexec/bin/yarn.js add --dev css-loader html-loader html-webpack-plugin sass-loader style-loader swc-loader webpack webpacl-cli webpack-dev-server

PATH: 
  /Users/kevinschnitzer/bin:/usr/local/bin:/usr/local/go/bin:/Users/kevinschnitzer/.cargo/bin:/usr/local/sbin:/bin:/usr/local/bin:/usr/bin:/bin:/usr/sbin:/sbin:/Library/TeX/texbin:/usr/local/share/dotnet:/opt/X11/bin:~/.dotnet/tools:/Library/Frameworks/Mono.framework/Versions/Current/Commands:/Applications/Xamarin Workbooks.app/Contents/SharedSupport/path-bin

Yarn version: 
  1.22.10

Node version: 
  15.5.0

Platform: 
  darwin x64

Trace: 
  Error: https://registry.yarnpkg.com/webpacl-cli: Not found
      at Request.params.callback [as _callback] (/usr/local/Cellar/yarn/1.22.10/libexec/lib/cli.js:66988:18)
      at Request.self.callback (/usr/local/Cellar/yarn/1.22.10/libexec/lib/cli.js:140749:22)
      at Request.emit (node:events:376:20)
      at Request.<anonymous> (/usr/local/Cellar/yarn/1.22.10/libexec/lib/cli.js:141721:10)
      at Request.emit (node:events:376:20)
      at IncomingMessage.<anonymous> (/usr/local/Cellar/yarn/1.22.10/libexec/lib/cli.js:141643:12)
      at Object.onceWrapper (node:events:482:28)
      at IncomingMessage.emit (node:events:388:22)
      at endReadableNT (node:internal/streams/readable:1305:12)
      at processTicksAndRejections (node:internal/process/task_queues:80:21)

npm manifest: 
  {
    "name": "chip8tsv2",
    "version": "1.0.0",
    "main": "index.js",
    "license": "MIT",
    "devDependencies": {
      "@swc/cli": "^0.1.39",
      "@swc/core": "^1.2.54"
    }
  }

yarn manifest: 
  No manifest

Lockfile: 
  # THIS IS AN AUTOGENERATED FILE. DO NOT EDIT THIS FILE DIRECTLY.
  # yarn lockfile v1
  
  
  "@napi-rs/triples@^1.0.2":
    version "1.0.2"
    resolved "https://registry.yarnpkg.com/@napi-rs/triples/-/triples-1.0.2.tgz#2ce4c6a78568358772008f564ee5009093d20a19"
    integrity sha512-EL3SiX43m9poFSnhDx4d4fn9SSaqyO2rHsCNhETi9bWPmjXK3uPJ0QpPFtx39FEdHcz1vJmsiW41kqc0AgvtzQ==
  
  "@node-rs/helper@^1.0.0":
    version "1.1.0"
    resolved "https://registry.yarnpkg.com/@node-rs/helper/-/helper-1.1.0.tgz#4fcbbebae3b81932d1ff3e431c7cd3886b504742"
    integrity sha512-r43YnnrY5JNzDuXJdW3sBJrKzvejvFmFWbiItUEoBJsaPzOIWFMhXB7i5j4c9EMXcFfxveF4l7hT+rLmwtjrVQ==
    dependencies:
      "@napi-rs/triples" "^1.0.2"
      tslib "^2.1.0"
  
  "@swc/cli@^0.1.39":
    version "0.1.39"
    resolved "https://registry.yarnpkg.com/@swc/cli/-/cli-0.1.39.tgz#fda6521807e9b16a3c1c0fc34a1c927e3df6ae29"
    integrity sha512-qTI+HIjSgKUJUKZ3xGA6zAEkHryirmKrzj4zWrCg4FQnAEFGPOIx58/qRs3aURSOS3BnbVE33sqAxEN+v8qZpw==
    dependencies:
      commander "^7.1.0"
      convert-source-map "^1.6.0"
      glob "^7.1.3"
      lodash "^4.17.11"
      slash "3.0.0"
      source-map "^0.7.3"
  
  "@swc/core-android-arm64@^1.2.54":
    version "1.2.54"
    resolved "https://registry.yarnpkg.com/@swc/core-android-arm64/-/core-android-arm64-1.2.54.tgz#3926fd2ee0d668731e6b1e7b6a18dfc3c605c6e8"
    integrity sha512-nbiGQtbdLC/vzDANG91nYn7x+YZavaqv1rzD1BnDz/WeZ2XSBZD0VkPc205PAaBHBE8fTFxHOQiIorbY1lJrZg==
  
  "@swc/core-darwin-arm64@^1.2.54":
    version "1.2.54"
    resolved "https://registry.yarnpkg.com/@swc/core-darwin-arm64/-/core-darwin-arm64-1.2.54.tgz#352a5804a1ef4ce524667f316e18d3ecb4d64072"
    integrity sha512-b+mpyZ7LAG+A2yApq4+9G7gpCtYeLRLheyj9mR8tFxEu10bGfVgIna3+lHOLyheWDpF1yv7vUMPRtkqCPkKaBA==
  
  "@swc/core-darwin-x64@^1.2.54":
    version "1.2.54"
    resolved "https://registry.yarnpkg.com/@swc/core-darwin-x64/-/core-darwin-x64-1.2.54.tgz#558c446f9b635ec40ffb0c3b1e0acf9c9177ca8f"
    integrity sha512-H3+EuNPgYR7/s4pXJO+GMede/FDJDMIqUHDqd5c3hzGfRnvyOmKDx8Cr5S1gMTwHtrz0+iS5SC6To1jYvdCDBg==
  
  "@swc/core-linux-arm-gnueabihf@^1.2.54":
    version "1.2.54"
    resolved "https://registry.yarnpkg.com/@swc/core-linux-arm-gnueabihf/-/core-linux-arm-gnueabihf-1.2.54.tgz#7e826310de1cd5c421fd8a9f9a925fe3e7c19f1b"
    integrity sha512-+Rk+q011G1IBawesJ+ZSEuwPrSpWExsY2GulzfvMqO4jW1D4jQ1BZprE+/HgwIhb4iycepXc89SNi0EedZSMjQ==
  
  "@swc/core-linux-arm64-gnu@^1.2.54":
    version "1.2.54"
    resolved "https://registry.yarnpkg.com/@swc/core-linux-arm64-gnu/-/core-linux-arm64-gnu-1.2.54.tgz#96f34157a53e8761784b536f4b709221bb5aecd3"
    integrity sha512-8Tuaw16ODhqSw8SfqtC3PHaotPpDgnRmjeNk9mGdU/HO4ccDH5WeS42cvDx1IWpphJyiT2F8gnLYQbnYZykHKg==
  
  "@swc/core-linux-x64-gnu@^1.2.54":
    version "1.2.54"
    resolved "https://registry.yarnpkg.com/@swc/core-linux-x64-gnu/-/core-linux-x64-gnu-1.2.54.tgz#64b655de56f562986bd7dd38de4d13fa661cf71b"
    integrity sha512-Ky06S3ReokgOeVjcx9JmgVXIiQk++vifXguCABhd3u3t0Diqbnpaqb7UkaHFr6MEXuuk2TpPJ0JQNEZUHjv0Nw==
  
  "@swc/core-linux-x64-musl@^1.2.54":
    version "1.2.54"
    resolved "https://registry.yarnpkg.com/@swc/core-linux-x64-musl/-/core-linux-x64-musl-1.2.54.tgz#30507cdb5c142bc7d91b7e6a9ee490e491928ceb"
    integrity sha512-D8F57OTlyR2C8FrlixVAsybEXwwL7ooowwWfBnmR3suZHEqaLlSO1RFyhk3FaiaLh1jN/xcYtkc+NuwvZOaLAQ==
  
  "@swc/core-win32-ia32-msvc@^1.2.54":
    version "1.2.54"
    resolved "https://registry.yarnpkg.com/@swc/core-win32-ia32-msvc/-/core-win32-ia32-msvc-1.2.54.tgz#754ec2e6e8595521e891fa6c7db44866e3d8a13b"
    integrity sha512-exZGuLPWm3jaBWz1xch6Ry/U9jp+4EPlo2pwi800SPlTPbTnJ5VfrPv9GVurpvx1R64DmleRpTDBG0nXpFdf0g==
  
  "@swc/core-win32-x64-msvc@^1.2.54":
    version "1.2.54"
    resolved "https://registry.yarnpkg.com/@swc/core-win32-x64-msvc/-/core-win32-x64-msvc-1.2.54.tgz#50f8c7c2f163852c4b42f4288106477aaeff0ea0"
    integrity sha512-RBtB1dzbz1ytV5LLxD9wzdGRWxBZFUapFN/RgsH1nJKZFg4kvrvsvfPU2HymNtoOWnfpYuhgapQi+ySQpUL/gg==
  
  "@swc/core@^1.2.54":
    version "1.2.54"
    resolved "https://registry.yarnpkg.com/@swc/core/-/core-1.2.54.tgz#edd25e94d57c9b3c596272ac3dc9e222aeff9905"
    integrity sha512-FNBpdRqtkSUV7E0i8C4iDiq29yLmOaP76GS7wuUGOT3txhvstGbr+L7PXzLc+QWczl21aS5V86MYBRg/aX5biw==
    dependencies:
      "@node-rs/helper" "^1.0.0"
    optionalDependencies:
      "@swc/core-android-arm64" "^1.2.54"
      "@swc/core-darwin-arm64" "^1.2.54"
      "@swc/core-darwin-x64" "^1.2.54"
      "@swc/core-linux-arm-gnueabihf" "^1.2.54"
      "@swc/core-linux-arm64-gnu" "^1.2.54"
      "@swc/core-linux-x64-gnu" "^1.2.54"
      "@swc/core-linux-x64-musl" "^1.2.54"
      "@swc/core-win32-ia32-msvc" "^1.2.54"
      "@swc/core-win32-x64-msvc" "^1.2.54"
  
  balanced-match@^1.0.0:
    version "1.0.2"
    resolved "https://registry.yarnpkg.com/balanced-match/-/balanced-match-1.0.2.tgz#e83e3a7e3f300b34cb9d87f615fa0cbf357690ee"
    integrity sha512-3oSeUO0TMV67hN1AmbXsK4yaqU7tjiHlbxRDZOpH0KW9+CeX4bRAaX0Anxt0tx2MrpRpWwQaPwIlISEJhYU5Pw==
  
  brace-expansion@^1.1.7:
    version "1.1.11"
    resolved "https://registry.yarnpkg.com/brace-expansion/-/brace-expansion-1.1.11.tgz#3c7fcbf529d87226f3d2f52b966ff5271eb441dd"
    integrity sha512-iCuPHDFgrHX7H2vEI/5xpz07zSHB00TpugqhmYtVmMO6518mCuRMoOYFldEBl0g187ufozdaHgWKcYFb61qGiA==
    dependencies:
      balanced-match "^1.0.0"
      concat-map "0.0.1"
  
  commander@^7.1.0:
    version "7.2.0"
    resolved "https://registry.yarnpkg.com/commander/-/commander-7.2.0.tgz#a36cb57d0b501ce108e4d20559a150a391d97ab7"
    integrity sha512-QrWXB+ZQSVPmIWIhtEO9H+gwHaMGYiF5ChvoJ+K9ZGHG/sVsa6yiesAD1GC/x46sET00Xlwo1u49RVVVzvcSkw==
  
  concat-map@0.0.1:
    version "0.0.1"
    resolved "https://registry.yarnpkg.com/concat-map/-/concat-map-0.0.1.tgz#d8a96bd77fd68df7793a73036a3ba0d5405d477b"
    integrity sha1-2Klr13/Wjfd5OnMDajug1UBdR3s=
  
  convert-source-map@^1.6.0:
    version "1.7.0"
    resolved "https://registry.yarnpkg.com/convert-source-map/-/convert-source-map-1.7.0.tgz#17a2cb882d7f77d3490585e2ce6c524424a3a442"
    integrity sha512-4FJkXzKXEDB1snCFZlLP4gpC3JILicCpGbzG9f9G7tGqGCzETQ2hWPrcinA9oU4wtf2biUaEH5065UnMeR33oA==
    dependencies:
      safe-buffer "~5.1.1"
  
  fs.realpath@^1.0.0:
    version "1.0.0"
    resolved "https://registry.yarnpkg.com/fs.realpath/-/fs.realpath-1.0.0.tgz#1504ad2523158caa40db4a2787cb01411994ea4f"
    integrity sha1-FQStJSMVjKpA20onh8sBQRmU6k8=
  
  glob@^7.1.3:
    version "7.1.6"
    resolved "https://registry.yarnpkg.com/glob/-/glob-7.1.6.tgz#141f33b81a7c2492e125594307480c46679278a6"
    integrity sha512-LwaxwyZ72Lk7vZINtNNrywX0ZuLyStrdDtabefZKAY5ZGJhVtgdznluResxNmPitE0SAO+O26sWTHeKSI2wMBA==
    dependencies:
      fs.realpath "^1.0.0"
      inflight "^1.0.4"
      inherits "2"
      minimatch "^3.0.4"
      once "^1.3.0"
      path-is-absolute "^1.0.0"
  
  inflight@^1.0.4:
    version "1.0.6"
    resolved "https://registry.yarnpkg.com/inflight/-/inflight-1.0.6.tgz#49bd6331d7d02d0c09bc910a1075ba8165b56df9"
    integrity sha1-Sb1jMdfQLQwJvJEKEHW6gWW1bfk=
    dependencies:
      once "^1.3.0"
      wrappy "1"
  
  inherits@2:
    version "2.0.4"
    resolved "https://registry.yarnpkg.com/inherits/-/inherits-2.0.4.tgz#0fa2c64f932917c3433a0ded55363aae37416b7c"
    integrity sha512-k/vGaX4/Yla3WzyMCvTQOXYeIHvqOKtnqBduzTHpzpQZzAskKMhZ2K+EnBiSM9zGSoIFeMpXKxa4dYeZIQqewQ==
  
  lodash@^4.17.11:
    version "4.17.21"
    resolved "https://registry.yarnpkg.com/lodash/-/lodash-4.17.21.tgz#679591c564c3bffaae8454cf0b3df370c3d6911c"
    integrity sha512-v2kDEe57lecTulaDIuNTPy3Ry4gLGJ6Z1O3vE1krgXZNrsQ+LFTGHVxVjcXPs17LhbZVGedAJv8XZ1tvj5FvSg==
  
  minimatch@^3.0.4:
    version "3.0.4"
    resolved "https://registry.yarnpkg.com/minimatch/-/minimatch-3.0.4.tgz#5166e286457f03306064be5497e8dbb0c3d32083"
    integrity sha512-yJHVQEhyqPLUTgt9B83PXu6W3rx4MvvHvSUvToogpwoGDOUQ+yDrR0HRot+yOCdCO7u4hX3pWft6kWBBcqh0UA==
    dependencies:
      brace-expansion "^1.1.7"
  
  once@^1.3.0:
    version "1.4.0"
    resolved "https://registry.yarnpkg.com/once/-/once-1.4.0.tgz#583b1aa775961d4b113ac17d9c50baef9dd76bd1"
    integrity sha1-WDsap3WWHUsROsF9nFC6753Xa9E=
    dependencies:
      wrappy "1"
  
  path-is-absolute@^1.0.0:
    version "1.0.1"
    resolved "https://registry.yarnpkg.com/path-is-absolute/-/path-is-absolute-1.0.1.tgz#174b9268735534ffbc7ace6bf53a5a9e1b5c5f5f"
    integrity sha1-F0uSaHNVNP+8es5r9TpanhtcX18=
  
  safe-buffer@~5.1.1:
    version "5.1.2"
    resolved "https://registry.yarnpkg.com/safe-buffer/-/safe-buffer-5.1.2.tgz#991ec69d296e0313747d59bdfd2b745c35f8828d"
    integrity sha512-Gd2UZBJDkXlY7GbJxfsE8/nvKkUEU1G38c1siN6QP6a9PT9MmHB8GnpscSmMJSoF8LOIrt8ud/wPtojys4G6+g==
  
  slash@3.0.0:
    version "3.0.0"
    resolved "https://registry.yarnpkg.com/slash/-/slash-3.0.0.tgz#6539be870c165adbd5240220dbe361f1bc4d4634"
    integrity sha512-g9Q1haeby36OSStwb4ntCGGGaKsaVSjQ68fBxoQcutl5fS1vuY18H3wSt3jFyFtrkx+Kz0V1G85A4MyAdDMi2Q==
  
  source-map@^0.7.3:
    version "0.7.3"
    resolved "https://registry.yarnpkg.com/source-map/-/source-map-0.7.3.tgz#5302f8169031735226544092e64981f751750383"
    integrity sha512-CkCj6giN3S+n9qrYiBTX5gystlENnRW5jZeNLHpe6aue+SrHcG5VYwujhW9s4dY31mEGsxBDrHR6oI69fTXsaQ==
  
  tslib@^2.1.0:
    version "2.2.0"
    resolved "https://registry.yarnpkg.com/tslib/-/tslib-2.2.0.tgz#fb2c475977e35e241311ede2693cee1ec6698f5c"
    integrity sha512-gS9GVHRU+RGn5KQM2rllAlR3dU6m7AcpJKdtH8gFvQiC4Otgk98XnmMU+nZenHt/+VhnBPWwgrJsyrdcw6i23w==
  
  wrappy@1:
    version "1.0.2"
    resolved "https://registry.yarnpkg.com/wrappy/-/wrappy-1.0.2.tgz#b5243d8f3ec1aa35f1364605bc0d1036e30ab69f"
    integrity sha1-tSQ9jz7BqjXxNkYFvA0QNuMKtp8=
